[0mGET /api/products/type/lens/price/low [36m304 [0m2.752 ms - -[0m
[0mGET /api/products/type/all/price/all [36m304 [0m11.201 ms - -[0m
[0mGET /api/products/type/all/price/all [32m200 [0m10.276 ms - 6032[0m
[0mGET /api/products/type/lights/price/all [32m200 [0m1.919 ms - 982[0m
[0mGET /api/products/type/lights/price/low [36m304 [0m1.010 ms - -[0m
[0mGET /api/products/type/lights/price/high [32m200 [0m0.857 ms - 2[0m
[0mGET /api/products/type/all/price/high [36m304 [0m0.913 ms - -[0m
[0mGET /api/products/type/all/price/low [36m304 [0m1.108 ms - -[0m
[0mGET /api/products/type/all/price/medium [36m304 [0m1.311 ms - -[0m
[0mGET /api/products/type/all/price/low [36m304 [0m0.934 ms - -[0m
[0mGET /api/products/type/all/price/medium [36m304 [0m0.951 ms - -[0m
[0mGET /api/products/type/all/price/high [36m304 [0m3.070 ms - -[0m
[0mGET /api/products/type/cameras/price/high [36m304 [0m1.340 ms - -[0m
[0mGET /api/products/type/all/price/high [36m304 [0m0.845 ms - -[0m
[0mGET /api/products/type/lens/price/high [36m304 [0m0.831 ms - -[0m
[0mGET /api/products/type/lens/price/medium [36m304 [0m0.783 ms - -[0m
[0mGET /api/products/type/all/price/all [36m304 [0m1.607 ms - -[0m
[0mGET /api/products/type/all/price/all [36m304 [0m1.477 ms - -[0m
[0mGET /api/products/type/all/price/high [36m304 [0m0.874 ms - -[0m
[0mGET /api/products/type/all/price/low [36m304 [0m1.020 ms - -[0m
[0mGET /api/products/type/all/price/medium [36m304 [0m0.943 ms - -[0m
[0mGET /api/products/type/all/price/all [36m304 [0m1.022 ms - -[0m
[0mGET /api/products/type/all/price/all [36m304 [0m1.113 ms - -[0m
[0mGET /api/products/type/cameras/price/all [36m304 [0m0.822 ms - -[0m
[0mGET /api/products/type/all/price/all [36m304 [0m1.506 ms - -[0m
[0mGET /api/products/type/lens/price/all [36m304 [0m0.898 ms - -[0m
[0mGET /api/products/type/lens/price/low [36m304 [0m0.864 ms - -[0m
[0mGET /api/products/type/all/price/all [36m304 [0m1.870 ms - -[0m
[0mGET /api/products/type/all/price/all [36m304 [0m3.844 ms - -[0m
[0mGET /api/products/type/all/price/all [36m304 [0m2.557 ms - -[0m
[0mGET /api/products/type/all/price/all [36m304 [0m5.640 ms - -[0m
[0mGET /api/products/type/tripods/price/all [36m304 [0m1.743 ms - -[0m
[0mGET /api/products/type/all/price/all [36m304 [0m1.454 ms - -[0m
[0mGET /api/products/type/all/price/all [36m304 [0m1.093 ms - -[0m
[0mGET /api/products/type/all/price/all [36m304 [0m1.108 ms - -[0m
[0mGET /api/products/type/lens/price/all [36m304 [0m0.880 ms - -[0m
[0mGET /api/products/type/all/price/all [36m304 [0m1.371 ms - -[0m
[0mGET /api/products/type/all/price/all [36m304 [0m1.058 ms - -[0m
[0mGET /api/products/type/all/price/all [36m304 [0m1.016 ms - -[0m
[0mGET /api/products/type/all/price/all [36m304 [0m2.432 ms - -[0m
[0mGET /api/products/type/all/price/all [36m304 [0m2.049 ms - -[0m
[0mGET /api/products/type/all/price/all [36m304 [0m1.166 ms - -[0m
[0mGET /api/products/type/all/price/all [36m304 [0m1.116 ms - -[0m
[0mGET /api/products/type/all/price/all [36m304 [0m1.481 ms - -[0m
[0mGET /api/products/type/all/price/all [36m304 [0m6.070 ms - -[0m
[0mGET /api/products/type/all/price/all [36m304 [0m1.746 ms - -[0m
[0mGET /api/products/type/all/price/all [36m304 [0m1.423 ms - -[0m
[0mGET /api/products/type/all/price/all [36m304 [0m1.548 ms - -[0m
[0mGET /api/products/type/all/price/all [36m304 [0m1.040 ms - -[0m
[0mGET /api/products/type/all/price/all [36m304 [0m1.194 ms - -[0m
[0mGET /api/products/type/all/price/all [36m304 [0m1.839 ms - -[0m
[0mGET /api/products/type/all/price/all [36m304 [0m0.980 ms - -[0m
[0mGET /ListProducts.jsx [33m404 [0m2.447 ms - 260[0m
[0mGET /Products/index.jsx [33m404 [0m0.389 ms - 260[0m
[0mGET /App.js [33m404 [0m0.231 ms - 260[0m
[0mGET /src/index.js [33m404 [0m0.266 ms - 260[0m
[0mGET /api/products/type/all/price/all [36m304 [0m1.059 ms - -[0m
[0mGET /api/products [32m200 [0m3.271 ms - 6032[0m
[0mGET /api/products [32m200 [0m1.054 ms - 6032[0m
[0mGET /api/contacts [32m200 [0m0.904 ms - 1699[0m
[0mGET /api/products/type/all/price/all [36m304 [0m5.252 ms - -[0m
[0mGET /api/products/type/all/price/all [36m304 [0m2.312 ms - -[0m
[0mGET /api/products/type/all/price/all [36m304 [0m1.385 ms - -[0m
[0mGET /api/products/type/all/price/all [36m304 [0m1.596 ms - -[0m
[0mGET /api/products/type/all/price/all [36m304 [0m1.007 ms - -[0m
[0mGET /api/products/type/all/price/all [36m304 [0m1.308 ms - -[0m
[0mGET /api/products/type/all/price/all [36m304 [0m1.427 ms - -[0m
[0mGET /api/products/type/all/price/all [36m304 [0m0.976 ms - -[0m
[0mGET /api/products/type/all/price/all [36m304 [0m1.425 ms - -[0m
[0mGET /api/products/type/all/price/all [36m304 [0m1.208 ms - -[0m
[0mGET /api/products/type/all/price/all [36m304 [0m2.490 ms - -[0m
[0mGET /api/products/type/all/price/all [36m304 [0m1.275 ms - -[0m
[0mGET /api/products/type/all/price/all [36m304 [0m1.210 ms - -[0m
[0mGET /api/products/type/all/price/all [36m304 [0m1.255 ms - -[0m
[0mGET /api/products/type/all/price/all [36m304 [0m1.163 ms - -[0m
[0mGET /api/products/type/all/price/all [36m304 [0m1.081 ms - -[0m
[0mGET /api/products/type/all/price/all [36m304 [0m1.226 ms - -[0m
[0mGET /api/products/type/all/price/all [36m304 [0m1.408 ms - -[0m
[0mGET /api/products/type/all/price/all [36m304 [0m1.168 ms - -[0m
[0mGET /api/products/type/all/price/all [36m304 [0m2.367 ms - -[0m
[0mGET /api/products/type/all/price/all [36m304 [0m1.489 ms - -[0m
[0mGET /api/products/type/all/price/all [36m304 [0m1.244 ms - -[0m
[0mGET /api/products/type/all/price/all [36m304 [0m1.395 ms - -[0m
[0mGET /api/products/type/all/price/all [36m304 [0m1.619 ms - -[0m
[0mGET /api/products/type/all/price/all [36m304 [0m1.163 ms - -[0m
[0mGET /api/products/type/all/price/all [36m304 [0m1.083 ms - -[0m
[0mGET /api/products/type/all/price/all [36m304 [0m1.163 ms - -[0m
[0mGET /api/products/type/all/price/all [36m304 [0m1.386 ms - -[0m
[0mGET /api/products/type/all/price/all [36m304 [0m1.328 ms - -[0m
[0mGET /api/products/type/all/price/all [36m304 [0m1.139 ms - -[0m
[0mGET /api/products/type/all/price/all [36m304 [0m1.042 ms - -[0m
[0mGET /api/products/type/all/price/all [36m304 [0m1.159 ms - -[0m
[0mGET /api/products/type/all/price/all [36m304 [0m1.113 ms - -[0m
[0mGET /api/products/type/all/price/all [36m304 [0m4.216 ms - -[0m
[0mGET /api/products/type/all/price/all [36m304 [0m16.638 ms - -[0m
[0mGET /api/products/type/all/price/all [36m304 [0m2.062 ms - -[0m
[0mGET /api/products/type/all/price/all [36m304 [0m1.250 ms - -[0m
[0mGET /api/products/type/all/price/all [36m304 [0m1.271 ms - -[0m
[0mGET /api/products/type/all/price/all [36m304 [0m1.189 ms - -[0m
[0mGET /api/products/type/all/price/all [36m304 [0m2.163 ms - -[0m
[0mGET /api/products/type/all/price/all [36m304 [0m2.150 ms - -[0m
[0mGET /api/products/type/tripods/price/all [36m304 [0m1.409 ms - -[0m
[0mGET /api/products/type/tripods/price/low [36m304 [0m1.049 ms - -[0m
[0mGET /api/products/type/tripods/price/all [36m304 [0m0.966 ms - -[0m
[0mGET /api/products/type/lights/price/all [36m304 [0m0.921 ms - -[0m
[0mGET /api/products/type/lights/price/low [36m304 [0m0.837 ms - -[0m
[0mGET /api/products/type/lights/price/all [36m304 [0m0.913 ms - -[0m
[0mGET /api/products/type/all/price/all [36m304 [0m1.343 ms - -[0m
[0mGET /api/products/type/all/price/all [36m304 [0m1.082 ms - -[0m
[0mGET /api/products/type/all/price/all [36m304 [0m4.306 ms - -[0m
[0mGET /api/products/type/all/price/all [36m304 [0m3.479 ms - -[0m
[0mGET /api/products/type/all/price/all [36m304 [0m3.427 ms - -[0m
[0mGET /api/products/type/all/price/all [36m304 [0m2.046 ms - -[0m
[0mGET /api/products/type/all/price/all [36m304 [0m6.688 ms - -[0m
[0mGET /api/products [32m200 [0m1.639 ms - 6032[0m
[0mGET /api/products [32m200 [0m0.933 ms - 6032[0m
[0mGET /api/contacts [32m200 [0m1.164 ms - 1699[0m
[0mGET /api/products [32m200 [0m3.803 ms - 6032[0m
[0mGET /api/products [32m200 [0m1.029 ms - 6032[0m
[0mGET /api/contacts [32m200 [0m0.958 ms - 1699[0m
[0mGET /api/products [32m200 [0m3.734 ms - 6032[0m
[0mGET /api/products [32m200 [0m1.054 ms - 6032[0m
[0mGET /api/contacts [32m200 [0m0.888 ms - 1699[0m
[0mGET /api/products [32m200 [0m3.545 ms - 6032[0m
[0mGET /api/products [32m200 [0m1.091 ms - 6032[0m
[0mGET /api/contacts [32m200 [0m0.860 ms - 1699[0m
[0mGET /api/products [32m200 [0m3.548 ms - 6032[0m
[0mGET /api/products [32m200 [0m0.982 ms - 6032[0m
[0mGET /api/contacts [32m200 [0m0.929 ms - 1699[0m
[0mGET /api/products/type/all/price/all [36m304 [0m2.340 ms - -[0m
[0mGET /api/products [32m200 [0m3.700 ms - 6032[0m
[0mGET /api/products [32m200 [0m1.056 ms - 6032[0m
[0mGET /api/contacts [32m200 [0m0.856 ms - 1699[0m
[0mGET /api/products/type/all/price/all [36m304 [0m2.377 ms - -[0m
[0mGET /api/products [32m200 [0m3.755 ms - 6032[0m
[0mGET /api/products [32m200 [0m0.977 ms - 6032[0m
[0mGET /api/contacts [32m200 [0m0.817 ms - 1699[0m
[0mGET /api/products/type/all/price/all [36m304 [0m2.154 ms - -[0m
[0mGET /api/products/type/all/price/all [36m304 [0m1.450 ms - -[0m
[0mGET /api/products/type/all/price/all [36m304 [0m3.338 ms - -[0m
[0mGET /api/products/type/all/price/all [36m304 [0m1.279 ms - -[0m
[0mGET /api/products/type/all/price/all [36m304 [0m1.403 ms - -[0m
[0mGET /api/products/type/all/price/all [36m304 [0m1.663 ms - -[0m
[0mGET /api/products/type/all/price/all [36m304 [0m1.075 ms - -[0m
[0mGET /api/products/type/all/price/all [36m304 [0m1.258 ms - -[0m
[0mGET /api/products/type/all/price/all [36m304 [0m5.439 ms - -[0m
[0mGET /api/products/type/all/price/all [36m304 [0m3.136 ms - -[0m
[0mGET /api/products/type/all/price/all [36m304 [0m2.337 ms - -[0m
[0mGET /api/products/type/all/price/all [36m304 [0m1.196 ms - -[0m
[0mGET /api/products/type/all/price/all [36m304 [0m1.552 ms - -[0m
[0mGET /api/products/type/all/price/all [36m304 [0m2.119 ms - -[0m
[0mGET /api/products/type/all/price/all [36m304 [0m1.432 ms - -[0m
[0mGET /api/products/type/all/price/all [36m304 [0m3.928 ms - -[0m
[0mGET /api/products [32m200 [0m1.656 ms - 6032[0m
[0mGET /api/products [32m200 [0m0.801 ms - 6032[0m
[0mGET /api/contacts [32m200 [0m0.709 ms - 1699[0m
[0mGET /api/products [32m200 [0m3.659 ms - 6032[0m
[0mGET /api/products [32m200 [0m1.036 ms - 6032[0m
[0mGET /api/contacts [32m200 [0m0.816 ms - 1699[0m
[0mGET /api/products [32m200 [0m3.362 ms - 6032[0m
[0mGET /api/products [32m200 [0m0.972 ms - 6032[0m
[0mGET /api/contacts [32m200 [0m0.838 ms - 1699[0m
[0mGET /api/products [32m200 [0m3.561 ms - 6032[0m
[0mGET /api/products [32m200 [0m0.866 ms - 6032[0m
[0mGET /api/contacts [32m200 [0m0.805 ms - 1699[0m
[0mGET /api/products [32m200 [0m3.563 ms - 6032[0m
[0mGET /api/products [32m200 [0m0.901 ms - 6032[0m
[0mGET /api/contacts [32m200 [0m0.701 ms - 1699[0m
[0mGET /api/products [32m200 [0m3.444 ms - 6032[0m
[0mGET /api/products [32m200 [0m0.907 ms - 6032[0m
[0mGET /api/contacts [32m200 [0m0.948 ms - 1699[0m
[0mGET /api/products [32m200 [0m6.643 ms - 6032[0m
[0mGET /api/products [32m200 [0m0.875 ms - 6032[0m
[0mGET /api/contacts [32m200 [0m0.885 ms - 1699[0m
[0mGET /api/products [32m200 [0m3.607 ms - 6032[0m
[0mGET /api/products [32m200 [0m0.930 ms - 6032[0m
[0mGET /api/contacts [32m200 [0m0.725 ms - 1699[0m
[0mGET /api/products [32m200 [0m3.792 ms - 6032[0m
[0mGET /api/products [32m200 [0m1.213 ms - 6032[0m
[0mGET /api/contacts [32m200 [0m0.803 ms - 1699[0m
[0mGET /api/products [32m200 [0m5.898 ms - 6032[0m
[0mGET /api/products [32m200 [0m1.135 ms - 6032[0m
[0mGET /api/contacts [32m200 [0m0.802 ms - 1699[0m
[0mGET /api/products [32m200 [0m3.401 ms - 6032[0m
[0mGET /api/products [32m200 [0m0.879 ms - 6032[0m
[0mGET /api/contacts [32m200 [0m0.720 ms - 1699[0m
[0mGET /api/products [32m200 [0m3.595 ms - 6032[0m
[0mGET /api/products [32m200 [0m0.957 ms - 6032[0m
[0mGET /api/contacts [32m200 [0m0.743 ms - 1699[0m
[0mGET /api/products [32m200 [0m3.453 ms - 6032[0m
[0mGET /api/products [32m200 [0m1.045 ms - 6032[0m
[0mGET /api/contacts [32m200 [0m0.886 ms - 1699[0m
[0mGET /api/products/type/all/price/all [36m304 [0m2.762 ms - -[0m
[0mGET /api/products [32m200 [0m1.066 ms - 6032[0m
[0mGET /api/products [32m200 [0m0.782 ms - 6032[0m
[0mGET /api/contacts [32m200 [0m0.613 ms - 1699[0m
[0mGET /api/products [32m200 [0m3.302 ms - 6032[0m
[0mGET /api/products [32m200 [0m0.917 ms - 6032[0m
[0mGET /api/contacts [32m200 [0m0.855 ms - 1699[0m
[0mGET /api/products [32m200 [0m3.604 ms - 6032[0m
[0mGET /api/products [32m200 [0m1.126 ms - 6032[0m
[0mGET /api/contacts [32m200 [0m0.847 ms - 1699[0m
[0mGET /api/products/type/all/price/all [32m200 [0m4.096 ms - 6032[0m
[0mGET /api/products/type/all/price/all [36m304 [0m3.916 ms - -[0m
[0mGET /api/contacts [32m200 [0m1.436 ms - 1699[0m
[0mGET /api/contacts [36m304 [0m1.501 ms - -[0m
[0mGET /api/contacts [36m304 [0m1.138 ms - -[0m
[0mGET /api/contacts [36m304 [0m0.731 ms - -[0m
[0mGET /api/contacts [36m304 [0m0.896 ms - -[0m
[0mGET /api/contacts [36m304 [0m0.788 ms - -[0m
[0mGET /api/contacts [36m304 [0m0.682 ms - -[0m
[0mGET /api/contacts [36m304 [0m0.763 ms - -[0m
[0mGET /api/contacts [36m304 [0m1.337 ms - -[0m
[0mGET /api/contacts [36m304 [0m0.771 ms - -[0m
[0mGET /api/contacts [36m304 [0m1.085 ms - -[0m
[0mGET /api/contacts [36m304 [0m0.672 ms - -[0m
[0mGET /api/contacts [36m304 [0m1.025 ms - -[0m
[0mGET /api/contacts [36m304 [0m1.234 ms - -[0m
[0mGET /api/contacts [36m304 [0m0.678 ms - -[0m
[0mGET /api/contacts [36m304 [0m3.228 ms - -[0m
[0mGET /api/contacts [32m200 [0m10.603 ms - -[0m
[0mGET /api/contacts [32m200 [0m3.377 ms - 1699[0m
[0mGET /api/contacts [36m304 [0m1.349 ms - -[0m
[0mGET /api/contacts [36m304 [0m0.742 ms - -[0m
[0mGET /api/contacts [36m304 [0m0.940 ms - -[0m
[0mGET /api/contacts [36m304 [0m3.556 ms - -[0m
[0mGET /api/contacts [36m304 [0m1.287 ms - -[0m
[0mGET /api/contacts [36m304 [0m4.098 ms - -[0m
[0mGET /api/contacts [36m304 [0m2.107 ms - -[0m
[0mGET /api/contacts [36m304 [0m0.769 ms - -[0m
[0mGET /api/contacts [36m304 [0m0.693 ms - -[0m
[0mGET /api/products/type/all/price/all [36m304 [0m1.831 ms - -[0m
[0mGET /api/contacts [36m304 [0m0.685 ms - -[0m
[0mGET /api/contacts [36m304 [0m4.240 ms - -[0m
[0mGET /api/contacts [36m304 [0m1.302 ms - -[0m
[0mGET /api/contacts [36m304 [0m0.936 ms - -[0m
[0mGET /api/contacts [36m304 [0m0.734 ms - -[0m
[0mGET /api/contacts [36m304 [0m1.067 ms - -[0m
[0mGET /api/contacts [36m304 [0m0.743 ms - -[0m
[0mGET /api/contacts [36m304 [0m0.783 ms - -[0m
[0mGET /api/contacts [36m304 [0m0.746 ms - -[0m
[0mGET /api/products/type/all/price/all [36m304 [0m1.738 ms - -[0m
[0mGET /api/products/type/tripods/price/all [36m304 [0m1.157 ms - -[0m
[0mGET /api/products/type/all/price/all [36m304 [0m1.187 ms - -[0m
[0mGET /api/products/type/all/price/low [36m304 [0m0.963 ms - -[0m
[0mGET /api/products/type/all/price/all [36m304 [0m0.953 ms - -[0m
[0mGET /api/contacts [36m304 [0m0.864 ms - -[0m
[0mGET /api/contacts [36m304 [0m4.624 ms - -[0m
[0mGET /api/products/type/all/price/all [36m304 [0m1.571 ms - -[0m
[0mGET /api/contacts [36m304 [0m1.174 ms - -[0m
[0mGET /api/contacts [36m304 [0m0.782 ms - -[0m
[0mGET /api/contacts [36m304 [0m0.839 ms - -[0m
[0mGET /api/contacts [36m304 [0m0.728 ms - -[0m
[0mGET /api/contacts [36m304 [0m0.739 ms - -[0m
[0mGET /api/products/type/all/price/all [36m304 [0m1.221 ms - -[0m
[0mGET /api/products/type/lights/price/all [36m304 [0m1.047 ms - -[0m
[0mGET /api/products/type/lights/price/low [36m304 [0m0.952 ms - -[0m
[0mGET /api/products/type/lights/price/medium [32m200 [0m0.981 ms - 2[0m
[0mGET /api/products/type/lights/price/all [36m304 [0m1.299 ms - -[0m
[0mGET /api/products/type/all/price/all [36m304 [0m1.062 ms - -[0m
[0mGET /api/contacts [36m304 [0m0.921 ms - -[0m
[0mGET /api/contacts [36m304 [0m0.783 ms - -[0m
[0mGET /api/contacts [36m304 [0m0.739 ms - -[0m
[0mGET /api/contacts [36m304 [0m0.720 ms - -[0m
[0mGET /api/contacts [36m304 [0m0.740 ms - -[0m
[0mGET /api/products/type/all/price/all [36m304 [0m1.107 ms - -[0m
[0mGET /api/products/type/all/price/all [36m304 [0m1.042 ms - -[0m
[0mGET /api/contacts [36m304 [0m0.783 ms - -[0m
[0mGET /api/products/type/all/price/all [36m304 [0m5.267 ms - -[0m
[0mGET /api/products/type/camera-bags/price/all [32m200 [0m1.907 ms - 952[0m
[0mGET /api/products/type/lens/price/all [32m200 [0m0.879 ms - 1102[0m
[0mGET /api/products/type/lens/price/medium [32m200 [0m1.056 ms - 479[0m
[0mGET /api/products [32m200 [0m0.958 ms - 6032[0m
[0mGET /api/products [32m200 [0m0.782 ms - 6032[0m
[0mGET /api/contacts [32m200 [0m0.852 ms - 1699[0m
[0mGET /api/products/type/all/price/all [36m304 [0m4.498 ms - -[0m
[0mGET /api/products/type/all/price/all [36m304 [0m2.042 ms - -[0m
[0mGET /api/products/type/all/price/all [36m304 [0m1.254 ms - -[0m
[0mGET /api/products/type/all/price/all [36m304 [0m3.665 ms - -[0m
[0mGET /api/contacts [36m304 [0m4.567 ms - -[0m
[0mGET /api/contacts [36m304 [0m4.009 ms - -[0m
[0mGET /api/products [32m200 [0m1.356 ms - 6032[0m
[0mGET /api/products [32m200 [0m0.924 ms - 6032[0m
[0mGET /api/contacts [32m200 [0m0.630 ms - 1699[0m
[0mGET /api/products [32m200 [0m3.336 ms - 6032[0m
[0mGET /api/products [32m200 [0m0.937 ms - 6032[0m
[0mGET /api/contacts [32m200 [0m0.927 ms - 1699[0m
[0mGET /api/products [32m200 [0m3.374 ms - 6032[0m
[0mGET /api/products [32m200 [0m0.830 ms - 6032[0m
[0mGET /api/contacts [32m200 [0m0.961 ms - 1699[0m
[0mGET /api/contacts [36m304 [0m3.772 ms - -[0m
[0mGET /api/products [32m200 [0m1.766 ms - 6032[0m
[0mGET /api/products [32m200 [0m0.866 ms - 6032[0m
[0mGET /api/contacts [32m200 [0m0.665 ms - 1699[0m
[0mGET /api/contacts [36m304 [0m28.821 ms - -[0m
[0mGET /api/contacts [36m304 [0m4.200 ms - -[0m
[0mGET /api/products [32m200 [0m5.690 ms - 6032[0m
[0mGET /api/products [32m200 [0m0.893 ms - 6032[0m
[0mGET /api/products/type/all/price/all [32m200 [0m1.717 ms - 6032[0m
[0mGET /api/contacts [32m200 [0m0.918 ms - 1699[0m
[0mGET /api/products [32m200 [0m3.276 ms - 6032[0m
[0mGET /api/products [32m200 [0m0.857 ms - 6032[0m
[0mGET /api/products/type/cameras/price/high [32m200 [0m1.968 ms - 1001[0m
[0mGET /api/contacts [32m200 [0m0.927 ms - 1699[0m
[0mGET /api/contacts [36m304 [0m3.342 ms - -[0m
[0mGET /api/contacts [36m304 [0m6.307 ms - -[0m
[0mGET /api/products [32m200 [0m1.918 ms - 6032[0m
[0mGET /api/products [32m200 [0m0.916 ms - 6032[0m
[0mGET /api/products/type/cameras/price/high [32m200 [0m1.411 ms - 1001[0m
[0mGET /api/contacts [32m200 [0m0.649 ms - 1699[0m
[0mGET /api/contacts [36m304 [0m3.733 ms - -[0m
[0mGET /api/products/type/all/price/all [36m304 [0m2.202 ms - -[0m
[0mGET /api/products/type/lens/price/all [36m304 [0m1.071 ms - -[0m
[0mGET /api/products/type/lens/price/medium [36m304 [0m0.888 ms - -[0m
[0mGET /api/products/type/cameras/price/medium [36m304 [0m0.813 ms - -[0m
[0mGET /api/products/type/cameras/price/high [36m304 [0m0.943 ms - -[0m
[0mGET /api/products/type/lens/price/high [36m304 [0m0.736 ms - -[0m
[0mGET /api/products/type/lens/price/medium [36m304 [0m0.817 ms - -[0m
[0mGET /api/products/type/lens/price/high [36m304 [0m0.836 ms - -[0m
[0mGET /api/products [32m200 [0m3.263 ms - 6032[0m
[0mGET /api/products [32m200 [0m0.864 ms - 6032[0m
[0mGET /api/products/type/lens/price/high [32m200 [0m1.217 ms - 624[0m
[0mGET /api/contacts [32m200 [0m0.971 ms - 1699[0m
[0mGET /api/products [32m200 [0m3.441 ms - 6032[0m
[0mGET /api/products [32m200 [0m0.968 ms - 6032[0m
[0mGET /api/products/type/lens/price/high [32m200 [0m1.503 ms - 624[0m
[0mGET /api/contacts [32m200 [0m0.797 ms - 1699[0m
[0mGET /api/products [32m200 [0m3.371 ms - 6032[0m
[0mGET /api/products [32m200 [0m0.975 ms - 6032[0m
[0mGET /api/products/type/lens/price/high [32m200 [0m1.491 ms - 624[0m
[0mGET /api/contacts [32m200 [0m1.003 ms - 1699[0m
[0mGET /api/products [32m200 [0m3.387 ms - 6032[0m
[0mGET /api/products [32m200 [0m0.991 ms - 6032[0m
[0mGET /api/products/type/lens/price/high [32m200 [0m3.912 ms - 624[0m
[0mGET /api/contacts [32m200 [0m0.849 ms - 1699[0m
[0mGET /api/products [32m200 [0m3.428 ms - 6032[0m
[0mGET /api/products [32m200 [0m0.867 ms - 6032[0m
[0mGET /api/products/type/lens/price/high [32m200 [0m1.176 ms - 624[0m
[0mGET /api/contacts [32m200 [0m0.755 ms - 1699[0m
[0mGET /api/products/type/all/price/all [36m304 [0m1.806 ms - -[0m
[0mGET /api/products/type/all/price/all [36m304 [0m1.049 ms - -[0m
[0mGET /api/products/type/all/price/all [36m304 [0m1.206 ms - -[0m
[0mGET /api/products/type/all/price/all [36m304 [0m1.275 ms - -[0m
[0mGET /api/products/type/all/price/all [36m304 [0m0.952 ms - -[0m
[0mGET /api/products/type/all/price/all [36m304 [0m0.982 ms - -[0m
[0mGET /api/products/type/all/price/all [36m304 [0m4.473 ms - -[0m
[0mGET /api/contacts [36m304 [0m1.642 ms - -[0m
[0mGET /api/products/type/all/price/all [36m304 [0m1.199 ms - -[0m
[0mGET /api/products/type/tripods/price/all [36m304 [0m1.117 ms - -[0m
[0mGET /api/products/type/tripods/price/low [36m304 [0m0.826 ms - -[0m
[0mGET /api/products/type/tripods/price/medium [36m304 [0m0.831 ms - -[0m
[0mGET /api/products/type/tripods/price/high [36m304 [0m0.785 ms - -[0m
[0mGET /api/products/type/tripods/price/all [36m304 [0m0.870 ms - -[0m
[0mGET /api/products/type/all/price/all [36m304 [0m1.031 ms - -[0m
[0mGET /api/contacts [36m304 [0m1.186 ms - -[0m
[0mGET /api/products/type/all/price/all [36m304 [0m1.108 ms - -[0m
[0mGET /api/products/type/all/price/all [36m304 [0m1.247 ms - -[0m
[0mGET /api/products/type/all/price/all [36m304 [0m1.558 ms - -[0m
[0mGET /api/products/type/all/price/all [36m304 [0m1.414 ms - -[0m
[0mGET /api/products/type/all/price/all [36m304 [0m1.049 ms - -[0m
[0mGET /api/products/type/all/price/all [36m304 [0m1.477 ms - -[0m
[0mGET /api/products/type/all/price/all [36m304 [0m1.184 ms - -[0m
[0mGET /api/products/type/all/price/all [36m304 [0m1.127 ms - -[0m
[0mGET /api/contacts [36m304 [0m0.895 ms - -[0m
[0mGET /api/contacts [36m304 [0m1.420 ms - -[0m
[0mGET /api/contacts [36m304 [0m0.756 ms - -[0m
[0mGET /api/contacts [36m304 [0m0.969 ms - -[0m
[0mGET /api/contacts [36m304 [0m0.757 ms - -[0m
[0mGET /api/contacts [36m304 [0m1.000 ms - -[0m
[0mGET /api/contacts [36m304 [0m0.944 ms - -[0m
[0mGET /api/contacts [36m304 [0m0.786 ms - -[0m
[0mGET /api/contacts [36m304 [0m1.184 ms - -[0m
[0mGET /api/contacts [36m304 [0m0.936 ms - -[0m
[0mGET /api/contacts [36m304 [0m0.784 ms - -[0m
[0mGET /api/products/type/all/price/all [36m304 [0m0.917 ms - -[0m
[0mGET /api/products/type/all/price/all [36m304 [0m0.956 ms - -[0m
[0mGET /api/products/type/lights/price/all [36m304 [0m0.858 ms - -[0m
[0mGET /api/products/type/lights/price/medium [36m304 [0m0.759 ms - -[0m
[0mGET /api/products/type/lights/price/low [36m304 [0m0.870 ms - -[0m
[0mGET /api/products/type/all/price/low [36m304 [0m0.937 ms - -[0m
[0mGET /api/products/type/all/price/all [36m304 [0m1.685 ms - -[0m
[0mGET /api/products/type/all/price/all [36m304 [0m0.970 ms - -[0m
[0mGET /api/products/type/tripods/price/all [36m304 [0m0.870 ms - -[0m
[0mGET /api/products/type/tripods/price/medium [36m304 [0m0.734 ms - -[0m
[0mGET /api/products/type/all/price/all [36m304 [0m1.299 ms - -[0m
[0mGET /api/products/type/all/price/all [36m304 [0m1.094 ms - -[0m
[0mGET /api/products/type/all/price/all [36m304 [0m1.035 ms - -[0m
[0mGET /api/products/type/all/price/all [36m304 [0m1.231 ms - -[0m
[0mGET /api/products/type/all/price/all [36m304 [0m1.494 ms - -[0m
[0mGET /api/products/type/all/price/all [36m304 [0m0.989 ms - -[0m
[0mGET /api/products/type/lights/price/all [36m304 [0m0.829 ms - -[0m
[0mGET /api/products/type/lens/price/all [36m304 [0m0.837 ms - -[0m
[0mGET /api/products/type/all/price/all [36m304 [0m0.889 ms - -[0m
[0mGET /api/products/type/all/price/high [36m304 [0m0.803 ms - -[0m
[0mGET /api/products/type/all/price/all [36m304 [0m0.990 ms - -[0m
[0mGET /api/products/type/all/price/all [36m304 [0m1.034 ms - -[0m
[0mGET /api/products/type/all/price/all [36m304 [0m0.957 ms - -[0m
[0mGET /api/products/type/all/price/all [36m304 [0m1.153 ms - -[0m
[0mGET /api/products/type/all/price/all [36m304 [0m1.080 ms - -[0m
[0mGET /api/products/type/all/price/all [36m304 [0m1.708 ms - -[0m
[0mGET /api/products/type/all/price/all [36m304 [0m1.056 ms - -[0m
[0mGET /api/products/type/all/price/all [36m304 [0m1.100 ms - -[0m
[0mGET /api/products/type/all/price/all [36m304 [0m0.906 ms - -[0m
[0mGET /api/products/type/all/price/all [36m304 [0m1.001 ms - -[0m
[0mGET /api/products/type/all/price/all [36m304 [0m0.878 ms - -[0m
[0mGET /api/products/type/cameras/price/all [36m304 [0m0.805 ms - -[0m
[0mGET /api/products/type/lens/price/all [36m304 [0m0.798 ms - -[0m
[0mGET /api/products/type/lens/price/medium [36m304 [0m0.800 ms - -[0m
[0mGET /api/products/type/lens/price/high [36m304 [0m0.814 ms - -[0m
[0mGET /api/products/type/all/price/all [36m304 [0m1.080 ms - -[0m
[0mGET /api/products/type/all/price/all [36m304 [0m1.096 ms - -[0m
[0mGET /api/products/type/all/price/all [36m304 [0m0.890 ms - -[0m
[0mGET /api/products/type/lights/price/all [36m304 [0m0.823 ms - -[0m
[0mGET /api/products/type/lights/price/medium [36m304 [0m0.802 ms - -[0m
[0mGET /api/products/type/lights/price/high [36m304 [0m0.707 ms - -[0m
[0mGET /api/products/type/lights/price/low [36m304 [0m0.823 ms - -[0m
[0mGET /api/products/type/all/price/all [36m304 [0m1.354 ms - -[0m
[0mGET /api/products/type/all/price/all [36m304 [0m0.884 ms - -[0m
[0mGET /api/products/type/all/price/all [36m304 [0m1.306 ms - -[0m
[0mGET /api/products/type/all/price/all [36m304 [0m0.960 ms - -[0m
[0mGET /api/products/type/all/price/all [36m304 [0m0.913 ms - -[0m
[0mGET /api/products [32m200 [0m1.109 ms - 6032[0m
[0mGET /api/products [32m200 [0m0.826 ms - 6032[0m
[0mGET /api/products/type/lens/price/high [32m200 [0m0.804 ms - 624[0m
[0mGET /api/contacts [32m200 [0m0.520 ms - 1699[0m
[0mGET /api/products/type/all/price/all [36m304 [0m1.355 ms - -[0m
[0mGET /api/contacts [36m304 [0m0.825 ms - -[0m
[0mGET /api/contacts [36m304 [0m0.719 ms - -[0m
[0mGET /api/contacts [36m304 [0m0.655 ms - -[0m
[0mGET /api/contacts [36m304 [0m0.891 ms - -[0m
[0mGET /api/contacts [36m304 [0m0.700 ms - -[0m
[0mGET /api/contacts [36m304 [0m0.725 ms - -[0m
[0mGET /api/contacts [36m304 [0m0.685 ms - -[0m
[0mGET /api/contacts [36m304 [0m0.676 ms - -[0m
[0mGET /api/contacts [36m304 [0m0.655 ms - -[0m
[0mGET /api/contacts [36m304 [0m0.717 ms - -[0m
[0mGET /api/contacts [36m304 [0m0.796 ms - -[0m
[0mGET /api/contacts [36m304 [0m0.654 ms - -[0m
[0mGET /api/contacts [36m304 [0m0.984 ms - -[0m
[0mGET /api/contacts [36m304 [0m0.788 ms - -[0m
[0mGET /api/contacts [36m304 [0m0.715 ms - -[0m
[0mGET /api/contacts [36m304 [0m0.724 ms - -[0m
[0mGET /api/products/type/all/price/all [36m304 [0m1.284 ms - -[0m
[0mGET /api/products/type/lights/price/all [36m304 [0m0.834 ms - -[0m
[0mGET /api/products/type/lights/price/low [36m304 [0m0.804 ms - -[0m
[0mGET /api/products/type/lens/price/low [36m304 [0m0.720 ms - -[0m
[0mGET /api/products/type/lens/price/medium [36m304 [0m1.172 ms - -[0m
[0mGET /api/products/type/lens/price/high [36m304 [0m0.827 ms - -[0m
[0mGET /api/products/type/all/price/high [36m304 [0m0.812 ms - -[0m
[0mGET /api/products/type/all/price/all [36m304 [0m0.983 ms - -[0m
[0mGET /api/products/type/all/price/all [36m304 [0m1.197 ms - -[0m
[0mGET /api/products/type/tripods/price/all [36m304 [0m0.711 ms - -[0m
[0mGET /api/products/type/tripods/price/low [36m304 [0m0.765 ms - -[0m
[0mGET /api/products/type/tripods/price/medium [36m304 [0m0.753 ms - -[0m
[0mGET /api/products/type/tripods/price/high [36m304 [0m0.749 ms - -[0m
[0mGET /api/products/type/tripods/price/all [36m304 [0m0.754 ms - -[0m
[0mGET /api/products/type/all/price/all [36m304 [0m4.692 ms - -[0m
[0mGET /api/products [32m200 [0m1.690 ms - 6032[0m
[0mGET /api/products [32m200 [0m1.102 ms - 6032[0m
[0mGET /api/products/type/lens/price/high [32m200 [0m0.968 ms - 624[0m
[0mGET /api/contacts [32m200 [0m0.691 ms - 1699[0m
[0mGET /api/contacts [36m304 [0m4.070 ms - -[0m
[0mGET /api/products/type/all/price/all [36m304 [0m5.180 ms - -[0m
[0mGET /api/contacts [36m304 [0m0.954 ms - -[0m
[0mGET /api/products/type/all/price/all [36m304 [0m1.310 ms - -[0m
[0mGET /api/products/type/lens/price/all [36m304 [0m1.723 ms - -[0m
[0mGET /api/products/type/lens/price/medium [36m304 [0m1.023 ms - -[0m
[0mGET /api/products/type/all/price/medium [36m304 [0m0.965 ms - -[0m
[0mGET /api/products/type/all/price/all [36m304 [0m1.002 ms - -[0m
[0mGET /api/products/type/all/price/all [36m304 [0m1.232 ms - -[0m
[0mGET /api/products/type/lens/price/all [36m304 [0m0.968 ms - -[0m
[0mGET /api/products/type/lens/price/medium [36m304 [0m3.236 ms - -[0m
[0mGET /api/products/type/lens/price/low [36m304 [0m1.173 ms - -[0m
[0mGET /api/products/type/lens/price/medium [36m304 [0m1.370 ms - -[0m
[0mGET /api/products/type/cameras/price/medium [36m304 [0m1.321 ms - -[0m
[0mGET /api/products/type/cameras/price/high [36m304 [0m0.956 ms - -[0m
[0mGET /api/products/type/all/price/all [36m304 [0m1.855 ms - -[0m
[0mGET /api/contacts [36m304 [0m4.006 ms - -[0m
[0mGET /api/products/type/all/price/all [36m304 [0m1.762 ms - -[0m
[0mGET /api/products/type/lens/price/all [36m304 [0m1.365 ms - -[0m
[0mGET /api/products/type/lens/price/high [36m304 [0m0.799 ms - -[0m
[0mGET /api/products/type/lens/price/medium [36m304 [0m0.920 ms - -[0m
[0mGET /api/products/type/lens/price/low [36m304 [0m0.862 ms - -[0m
[0mGET /api/products/type/all/price/all [36m304 [0m3.928 ms - -[0m
[0mGET /api/contacts [36m304 [0m3.832 ms - -[0m
[0mGET /api/products/type/all/price/all [36m304 [0m2.289 ms - -[0m
[0mGET /api/products/type/tripods/price/all [36m304 [0m1.370 ms - -[0m
[0mGET /api/products/type/camera-bags/price/all [36m304 [0m0.914 ms - -[0m
[0mGET /api/products/type/tripods/price/all [36m304 [0m0.786 ms - -[0m
[0mGET /api/products/type/lens/price/all [36m304 [0m0.842 ms - -[0m
[0mGET /api/products/type/lens/price/medium [36m304 [0m0.904 ms - -[0m
[0mGET /api/products/type/lens/price/high [36m304 [0m0.821 ms - -[0m
[0mGET /api/products/type/lens/price/all [36m304 [0m0.904 ms - -[0m
[0mGET /api/products/type/lens/price/low [36m304 [0m0.832 ms - -[0m
[0mGET /api/products [32m200 [0m1.173 ms - 6032[0m
[0mGET /api/products [32m200 [0m0.765 ms - 6032[0m
[0mGET /api/products/type/lens/price/high [32m200 [0m0.632 ms - 624[0m
[0mGET /api/contacts [32m200 [0m0.553 ms - 1699[0m
[0mGET /api/products/type/all/price/all [36m304 [0m5.542 ms - -[0m
[0mGET /api/contacts [36m304 [0m1.764 ms - -[0m
[0mGET /api/products/type/all/price/all [36m304 [0m1.448 ms - -[0m
[0mGET /api/products/type/all/price/all [36m304 [0m1.366 ms - -[0m
